[2026-03-25 18:43:41Z INFO HostContext] No proxy settings were found based on environmental variables (http_proxy/https_proxy/HTTP_PROXY/HTTPS_PROXY)
[2026-03-25 18:43:41Z INFO HostContext] Well known directory 'Bin': 'C:\Users\MAD LVLC\cours\actions-runner\bin'
[2026-03-25 18:43:41Z INFO HostContext] Well known directory 'Root': 'C:\Users\MAD LVLC\cours\actions-runner'
[2026-03-25 18:43:41Z INFO HostContext] Well known config file 'Credentials': 'C:\Users\MAD LVLC\cours\actions-runner\.credentials'
[2026-03-25 18:43:41Z INFO HostContext] Well known directory 'Bin': 'C:\Users\MAD LVLC\cours\actions-runner\bin'
[2026-03-25 18:43:41Z INFO HostContext] Well known directory 'Root': 'C:\Users\MAD LVLC\cours\actions-runner'
[2026-03-25 18:43:41Z INFO HostContext] Well known config file 'Runner': 'C:\Users\MAD LVLC\cours\actions-runner\.runner'
[2026-03-25 18:43:41Z INFO Listener] Runner is built for Windows (X64) - win-x64.
[2026-03-25 18:43:41Z INFO Listener] RuntimeInformation: Microsoft Windows 10.0.19045.
[2026-03-25 18:43:41Z INFO Listener] Version: 2.333.0
[2026-03-25 18:43:41Z INFO Listener] Commit: 8d231aaf863e5fcdd02d35bdfda369feafd08adb
[2026-03-25 18:43:41Z INFO Listener] Culture: fr-SN
[2026-03-25 18:43:41Z INFO Listener] UI Culture: fr-FR
[2026-03-25 18:43:41Z INFO HostContext] Well known directory 'Bin': 'C:\Users\MAD LVLC\cours\actions-runner\bin'
[2026-03-25 18:43:41Z INFO HostContext] Well known directory 'Root': 'C:\Users\MAD LVLC\cours\actions-runner'
[2026-03-25 18:43:41Z INFO Listener] Validating directory permissions for: 'C:\Users\MAD LVLC\cours\actions-runner'
[2026-03-25 18:43:41Z INFO CommandLineParser] Parse
[2026-03-25 18:43:41Z INFO CommandLineParser] Parsing 5 args
[2026-03-25 18:43:41Z INFO CommandLineParser] parsing argument
[2026-03-25 18:43:41Z INFO CommandLineParser] HasArgs: False
[2026-03-25 18:43:41Z INFO CommandLineParser] Adding Command: configure
[2026-03-25 18:43:41Z INFO CommandLineParser] parsing argument
[2026-03-25 18:43:41Z INFO CommandLineParser] HasArgs: True
[2026-03-25 18:43:41Z INFO CommandLineParser] arg: url
[2026-03-25 18:43:41Z INFO CommandLineParser] parsing argument
[2026-03-25 18:43:41Z INFO CommandLineParser] HasArgs: True
[2026-03-25 18:43:41Z INFO CommandLineParser] Adding option 'url': 'https://github.com/madshinee/cours'
[2026-03-25 18:43:41Z INFO CommandLineParser] parsing argument
[2026-03-25 18:43:41Z INFO CommandLineParser] HasArgs: True
[2026-03-25 18:43:41Z INFO CommandLineParser] arg: token
[2026-03-25 18:43:41Z INFO CommandLineParser] parsing argument
[2026-03-25 18:43:41Z INFO CommandLineParser] HasArgs: True
[2026-03-25 18:43:41Z INFO CommandLineParser] Adding option 'token': '***'
[2026-03-25 18:43:41Z INFO Listener] Arguments parsed
[2026-03-25 18:43:41Z INFO Runner] ExecuteCommand
[2026-03-25 18:43:41Z INFO ConfigurationStore] currentAssemblyLocation: C:\Users\MAD LVLC\cours\actions-runner\bin\Runner.Listener.dll
[2026-03-25 18:43:41Z INFO HostContext] Well known directory 'Bin': 'C:\Users\MAD LVLC\cours\actions-runner\bin'
[2026-03-25 18:43:41Z INFO ConfigurationStore] binPath: C:\Users\MAD LVLC\cours\actions-runner\bin
[2026-03-25 18:43:41Z INFO HostContext] Well known directory 'Bin': 'C:\Users\MAD LVLC\cours\actions-runner\bin'
[2026-03-25 18:43:41Z INFO HostContext] Well known directory 'Root': 'C:\Users\MAD LVLC\cours\actions-runner'
[2026-03-25 18:43:41Z INFO ConfigurationStore] RootFolder: C:\Users\MAD LVLC\cours\actions-runner
[2026-03-25 18:43:41Z INFO HostContext] Well known directory 'Bin': 'C:\Users\MAD LVLC\cours\actions-runner\bin'
[2026-03-25 18:43:41Z INFO HostContext] Well known directory 'Root': 'C:\Users\MAD LVLC\cours\actions-runner'
[2026-03-25 18:43:41Z INFO HostContext] Well known config file 'Runner': 'C:\Users\MAD LVLC\cours\actions-runner\.runner'
[2026-03-25 18:43:41Z INFO ConfigurationStore] ConfigFilePath: C:\Users\MAD LVLC\cours\actions-runner\.runner
[2026-03-25 18:43:41Z INFO HostContext] Well known directory 'Bin': 'C:\Users\MAD LVLC\cours\actions-runner\bin'
[2026-03-25 18:43:41Z INFO HostContext] Well known directory 'Root': 'C:\Users\MAD LVLC\cours\actions-runner'
[2026-03-25 18:43:41Z INFO HostContext] Well known config file 'MigratedRunner': 'C:\Users\MAD LVLC\cours\actions-runner\.runner_migrated'
[2026-03-25 18:43:41Z INFO ConfigurationStore] MigratedConfigFilePath: C:\Users\MAD LVLC\cours\actions-runner\.runner_migrated
[2026-03-25 18:43:41Z INFO HostContext] Well known directory 'Bin': 'C:\Users\MAD LVLC\cours\actions-runner\bin'
[2026-03-25 18:43:41Z INFO HostContext] Well known directory 'Root': 'C:\Users\MAD LVLC\cours\actions-runner'
[2026-03-25 18:43:41Z INFO HostContext] Well known config file 'Credentials': 'C:\Users\MAD LVLC\cours\actions-runner\.credentials'
[2026-03-25 18:43:41Z INFO ConfigurationStore] CredFilePath: C:\Users\MAD LVLC\cours\actions-runner\.credentials
[2026-03-25 18:43:41Z INFO HostContext] Well known directory 'Bin': 'C:\Users\MAD LVLC\cours\actions-runner\bin'
[2026-03-25 18:43:41Z INFO HostContext] Well known directory 'Root': 'C:\Users\MAD LVLC\cours\actions-runner'
[2026-03-25 18:43:41Z INFO HostContext] Well known config file 'MigratedCredentials': 'C:\Users\MAD LVLC\cours\actions-runner\.credentials_migrated'
[2026-03-25 18:43:41Z INFO ConfigurationStore] MigratedCredFilePath: C:\Users\MAD LVLC\cours\actions-runner\.credentials_migrated
[2026-03-25 18:43:41Z INFO HostContext] Well known directory 'Bin': 'C:\Users\MAD LVLC\cours\actions-runner\bin'
[2026-03-25 18:43:41Z INFO HostContext] Well known directory 'Root': 'C:\Users\MAD LVLC\cours\actions-runner'
[2026-03-25 18:43:41Z INFO HostContext] Well known config file 'Service': 'C:\Users\MAD LVLC\cours\actions-runner\.service'
[2026-03-25 18:43:41Z INFO ConfigurationStore] ServiceConfigFilePath: C:\Users\MAD LVLC\cours\actions-runner\.service
[2026-03-25 18:43:41Z INFO CommandSettings] Flag 'help': 'False'
[2026-03-25 18:43:41Z INFO CommandSettings] Flag 'version': 'False'
[2026-03-25 18:43:41Z INFO CommandSettings] Flag 'commit': 'False'
[2026-03-25 18:43:41Z INFO CommandSettings] Flag 'check': 'False'
[2026-03-25 18:43:41Z INFO CommandSettings] Command 'configure': 'True'
[2026-03-25 18:43:41Z INFO Terminal] WRITE LINE: 
[2026-03-25 18:43:41Z INFO Terminal] WRITE LINE: --------------------------------------------------------------------------------
[2026-03-25 18:43:41Z INFO Terminal] WRITE LINE: |        ____ _ _   _   _       _          _        _   _                      |
[2026-03-25 18:43:41Z INFO Terminal] WRITE LINE: |       / ___(_) |_| | | |_   _| |__      / \   ___| |_(_) ___  _ __  ___      |
[2026-03-25 18:43:41Z INFO Terminal] WRITE LINE: |      | |  _| | __| |_| | | | | '_ \    / _ \ / __| __| |/ _ \| '_ \/ __|     |
[2026-03-25 18:43:41Z INFO Terminal] WRITE LINE: |      | |_| | | |_|  _  | |_| | |_) |  / ___ \ (__| |_| | (_) | | | \__ \     |
[2026-03-25 18:43:41Z INFO Terminal] WRITE LINE: |       \____|_|\__|_| |_|\__,_|_.__/  /_/   \_\___|\__|_|\___/|_| |_|___/     |
[2026-03-25 18:43:41Z INFO Terminal] WRITE LINE: |                                                                              |
[2026-03-25 18:43:41Z INFO Terminal] WRITE: |                       
[2026-03-25 18:43:41Z INFO Terminal] WRITE: Self-hosted runner registration
[2026-03-25 18:43:41Z INFO Terminal] WRITE LINE:                         |
[2026-03-25 18:43:41Z INFO Terminal] WRITE LINE: |                                                                              |
[2026-03-25 18:43:41Z INFO Terminal] WRITE LINE: --------------------------------------------------------------------------------
[2026-03-25 18:43:41Z INFO ConfigurationManager] ConfigureAsync
[2026-03-25 18:43:41Z INFO CommandSettings] Flag 'generateServiceConfig': 'False'
[2026-03-25 18:43:41Z INFO ConfigurationStore] IsConfigured()
[2026-03-25 18:43:41Z INFO ConfigurationStore] IsConfigured: False
[2026-03-25 18:43:41Z INFO ConfigurationManager] Is configured: False
[2026-03-25 18:43:41Z INFO CommandSettings] Arg 'url': 'https://github.com/madshinee/cours'
[2026-03-25 18:43:41Z INFO CommandSettings] Remove url from Arg dictionary.
[2026-03-25 18:43:41Z INFO CommandSettings] Arg 'token': '***'
[2026-03-25 18:43:41Z INFO CommandSettings] Remove token from Arg dictionary.
[2026-03-25 18:43:48Z INFO ConfigurationManager] Http response code: OK from 'POST https://api.github.com/actions/runner-registration' (32ED:20B96D:1DFA3A1:19C59A7:69C42CE0)
[2026-03-25 18:43:48Z INFO ConfigurationManager] Using runner-admin flow: False
[2026-03-25 18:43:48Z INFO ConfigurationManager] cred retrieved via GitHub auth
[2026-03-25 18:43:48Z INFO RunnerServer] EstablishVssConnection
[2026-03-25 18:43:48Z INFO RunnerServer] Establish connection with 100 seconds timeout.
[2026-03-25 18:43:48Z INFO GitHubActionsService] Starting operation Location.GetConnectionData
[2026-03-25 18:43:48Z INFO RunnerServer] EstablishVssConnection
[2026-03-25 18:43:48Z INFO RunnerServer] Establish connection with 60 seconds timeout.
[2026-03-25 18:43:48Z INFO GitHubActionsService] Starting operation Location.GetConnectionData
[2026-03-25 18:43:48Z INFO RunnerServer] EstablishVssConnection
[2026-03-25 18:43:48Z INFO RunnerServer] Establish connection with 60 seconds timeout.
[2026-03-25 18:43:48Z INFO GitHubActionsService] Starting operation Location.GetConnectionData
[2026-03-25 18:43:51Z INFO GitHubActionsService] Finished operation Location.GetConnectionData
[2026-03-25 18:43:51Z INFO GitHubActionsService] Finished operation Location.GetConnectionData
[2026-03-25 18:43:51Z INFO GitHubActionsService] Finished operation Location.GetConnectionData
[2026-03-25 18:43:51Z INFO Terminal] WRITE LINE: 
[2026-03-25 18:43:51Z INFO ConfigurationManager] Test Connection complete.
[2026-03-25 18:43:51Z INFO HostContext] Well known directory 'Bin': 'C:\Users\MAD LVLC\cours\actions-runner\bin'
[2026-03-25 18:43:51Z INFO HostContext] Well known directory 'Root': 'C:\Users\MAD LVLC\cours\actions-runner'
[2026-03-25 18:43:51Z INFO HostContext] Well known config file 'RSACredentials': 'C:\Users\MAD LVLC\cours\actions-runner\.credentials_rsaparams'
[2026-03-25 18:43:51Z INFO RSAEncryptedFileKeyManager] Creating new RSA key using 2048-bit key length
[2026-03-25 18:43:51Z INFO RSAEncryptedFileKeyManager] Successfully saved RSA key parameters to file C:\Users\MAD LVLC\cours\actions-runner\.credentials_rsaparams
[2026-03-25 18:43:51Z INFO CommandSettings] Arg 'runnergroup': ''
[2026-03-25 18:43:51Z INFO CommandSettings] Flag 'unattended': 'False'
[2026-03-25 18:43:51Z INFO PromptManager] ReadValue
[2026-03-25 18:43:51Z INFO Terminal] WRITE: Enter the name of the runner group to add this runner to: 
[2026-03-25 18:43:51Z INFO Terminal] WRITE: [press Enter for Default] 
[2026-03-25 18:43:51Z INFO Terminal] READ LINE
[2026-03-25 18:45:00Z INFO Terminal] Read value: ''
[2026-03-25 18:45:00Z INFO PromptManager] Falling back to the default: 'Default'
[2026-03-25 18:45:00Z INFO Terminal] WRITE LINE: 
[2026-03-25 18:45:00Z INFO ConfigurationManager] Found a self-hosted runner group with id 1 and name Default
[2026-03-25 18:45:00Z INFO CommandSettings] Flag 'disableupdate': 'False'
[2026-03-25 18:45:00Z INFO CommandSettings] Flag 'ephemeral': 'False'
[2026-03-25 18:45:00Z INFO CommandSettings] Arg 'name': ''
[2026-03-25 18:45:00Z INFO CommandSettings] Flag 'unattended': 'False'
[2026-03-25 18:45:00Z INFO PromptManager] ReadValue
[2026-03-25 18:45:00Z INFO Terminal] WRITE: Enter the name of runner: 
[2026-03-25 18:45:00Z INFO Terminal] WRITE: [press Enter for MAD] 
[2026-03-25 18:45:00Z INFO Terminal] READ LINE
[2026-03-25 18:45:08Z INFO Terminal] Read value: ''
[2026-03-25 18:45:08Z INFO PromptManager] Falling back to the default: 'MAD'
[2026-03-25 18:45:08Z INFO Terminal] WRITE LINE: 
[2026-03-25 18:45:08Z INFO CommandSettings] Arg 'labels': ''
[2026-03-25 18:45:08Z INFO CommandSettings] Flag 'unattended': 'False'
[2026-03-25 18:45:08Z INFO PromptManager] ReadValue
[2026-03-25 18:45:08Z INFO Terminal] WRITE: This runner will have the following labels: 'self-hosted', 'Windows', 'X64' 
Enter any additional labels (ex. label-1,label-2): 
[2026-03-25 18:45:08Z INFO Terminal] WRITE: [press Enter to skip] 
[2026-03-25 18:45:08Z INFO Terminal] READ LINE
[2026-03-25 18:53:16Z INFO Terminal] Read value: ''
[2026-03-25 18:53:16Z INFO Terminal] WRITE LINE: 
[2026-03-25 18:53:17Z INFO CommandSettings] Flag 'disableupdate': 'False'
[2026-03-25 18:53:17Z INFO CommandSettings] Flag 'no-default-labels': 'False'
[2026-03-25 18:53:17Z INFO CommandSettings] Flag 'disableupdate': 'False'
[2026-03-25 18:53:17Z INFO CommandSettings] Flag 'ephemeral': 'False'
[2026-03-25 18:53:17Z INFO ConfigurationStore] Saving OAuth credential @ C:\Users\MAD LVLC\cours\actions-runner\.credentials
[2026-03-25 18:53:17Z INFO ConfigurationStore] Credentials Saved.
[2026-03-25 18:53:17Z INFO ConfigurationManager] Service enforced serverUrlV2: https://broker.actions.githubusercontent.com/
[2026-03-25 18:53:17Z INFO ConfigurationManager] Service enforced useV2Flow: True
[2026-03-25 18:53:17Z INFO CommandSettings] Arg 'work': ''
[2026-03-25 18:53:17Z INFO CommandSettings] Flag 'unattended': 'False'
[2026-03-25 18:53:17Z INFO PromptManager] ReadValue
[2026-03-25 18:53:17Z INFO Terminal] WRITE: Enter name of work folder: 
[2026-03-25 18:53:17Z INFO Terminal] WRITE: [press Enter for _work] 
[2026-03-25 18:53:17Z INFO Terminal] READ LINE
[2026-03-25 18:54:09Z INFO Terminal] Read value: ''
[2026-03-25 18:54:09Z INFO PromptManager] Falling back to the default: '_work'
[2026-03-25 18:54:09Z INFO ConfigurationStore] Saving runner settings.
[2026-03-25 18:54:09Z INFO ConfigurationStore] Settings Saved.
[2026-03-25 18:54:09Z INFO Terminal] WRITE LINE: 
[2026-03-25 18:54:09Z INFO Terminal] WRITE LINE: 
[2026-03-25 18:54:09Z INFO CommandSettings] Flag 'runasservice': 'False'
[2026-03-25 18:54:09Z INFO CommandSettings] Flag 'unattended': 'False'
[2026-03-25 18:54:09Z INFO PromptManager] ReadValue
[2026-03-25 18:54:09Z INFO Terminal] WRITE: Would you like to run the runner as service? (Y/N) 
[2026-03-25 18:54:09Z INFO Terminal] WRITE: [press Enter for N] 
[2026-03-25 18:54:09Z INFO Terminal] READ LINE
[2026-03-25 18:54:20Z INFO Terminal] Read value: 'N'
[2026-03-25 18:54:20Z INFO Listener] Runner execution has finished with return code 0
