[2026-03-25 18:55:37Z INFO HostContext] No proxy settings were found based on environmental variables (http_proxy/https_proxy/HTTP_PROXY/HTTPS_PROXY)
[2026-03-25 18:55:37Z INFO HostContext] Well known directory 'Bin': 'C:\Users\MAD LVLC\cours\actions-runner\bin'
[2026-03-25 18:55:37Z INFO HostContext] Well known directory 'Root': 'C:\Users\MAD LVLC\cours\actions-runner'
[2026-03-25 18:55:37Z INFO HostContext] Well known config file 'Credentials': 'C:\Users\MAD LVLC\cours\actions-runner\.credentials'
[2026-03-25 18:55:37Z INFO HostContext] Well known directory 'Bin': 'C:\Users\MAD LVLC\cours\actions-runner\bin'
[2026-03-25 18:55:37Z INFO HostContext] Well known directory 'Root': 'C:\Users\MAD LVLC\cours\actions-runner'
[2026-03-25 18:55:37Z INFO HostContext] Well known config file 'Runner': 'C:\Users\MAD LVLC\cours\actions-runner\.runner'
[2026-03-25 18:55:37Z INFO Listener] Runner is built for Windows (X64) - win-x64.
[2026-03-25 18:55:37Z INFO Listener] RuntimeInformation: Microsoft Windows 10.0.19045.
[2026-03-25 18:55:37Z INFO Listener] Version: 2.333.0
[2026-03-25 18:55:37Z INFO Listener] Commit: 8d231aaf863e5fcdd02d35bdfda369feafd08adb
[2026-03-25 18:55:37Z INFO Listener] Culture: fr-SN
[2026-03-25 18:55:37Z INFO Listener] UI Culture: fr-FR
[2026-03-25 18:55:37Z INFO HostContext] Well known directory 'Bin': 'C:\Users\MAD LVLC\cours\actions-runner\bin'
[2026-03-25 18:55:37Z INFO HostContext] Well known directory 'Root': 'C:\Users\MAD LVLC\cours\actions-runner'
[2026-03-25 18:55:37Z INFO Listener] Validating directory permissions for: 'C:\Users\MAD LVLC\cours\actions-runner'
[2026-03-25 18:55:37Z INFO CommandLineParser] Parse
[2026-03-25 18:55:37Z INFO CommandLineParser] Parsing 1 args
[2026-03-25 18:55:37Z INFO CommandLineParser] parsing argument
[2026-03-25 18:55:37Z INFO CommandLineParser] HasArgs: False
[2026-03-25 18:55:37Z INFO CommandLineParser] Adding Command: run
[2026-03-25 18:55:37Z INFO Listener] Arguments parsed
[2026-03-25 18:55:37Z INFO Runner] ExecuteCommand
[2026-03-25 18:55:37Z INFO ConfigurationStore] currentAssemblyLocation: C:\Users\MAD LVLC\cours\actions-runner\bin\Runner.Listener.dll
[2026-03-25 18:55:37Z INFO HostContext] Well known directory 'Bin': 'C:\Users\MAD LVLC\cours\actions-runner\bin'
[2026-03-25 18:55:37Z INFO ConfigurationStore] binPath: C:\Users\MAD LVLC\cours\actions-runner\bin
[2026-03-25 18:55:37Z INFO HostContext] Well known directory 'Bin': 'C:\Users\MAD LVLC\cours\actions-runner\bin'
[2026-03-25 18:55:37Z INFO HostContext] Well known directory 'Root': 'C:\Users\MAD LVLC\cours\actions-runner'
[2026-03-25 18:55:37Z INFO ConfigurationStore] RootFolder: C:\Users\MAD LVLC\cours\actions-runner
[2026-03-25 18:55:37Z INFO HostContext] Well known directory 'Bin': 'C:\Users\MAD LVLC\cours\actions-runner\bin'
[2026-03-25 18:55:37Z INFO HostContext] Well known directory 'Root': 'C:\Users\MAD LVLC\cours\actions-runner'
[2026-03-25 18:55:37Z INFO HostContext] Well known config file 'Runner': 'C:\Users\MAD LVLC\cours\actions-runner\.runner'
[2026-03-25 18:55:37Z INFO ConfigurationStore] ConfigFilePath: C:\Users\MAD LVLC\cours\actions-runner\.runner
[2026-03-25 18:55:37Z INFO HostContext] Well known directory 'Bin': 'C:\Users\MAD LVLC\cours\actions-runner\bin'
[2026-03-25 18:55:37Z INFO HostContext] Well known directory 'Root': 'C:\Users\MAD LVLC\cours\actions-runner'
[2026-03-25 18:55:37Z INFO HostContext] Well known config file 'MigratedRunner': 'C:\Users\MAD LVLC\cours\actions-runner\.runner_migrated'
[2026-03-25 18:55:37Z INFO ConfigurationStore] MigratedConfigFilePath: C:\Users\MAD LVLC\cours\actions-runner\.runner_migrated
[2026-03-25 18:55:37Z INFO HostContext] Well known directory 'Bin': 'C:\Users\MAD LVLC\cours\actions-runner\bin'
[2026-03-25 18:55:37Z INFO HostContext] Well known directory 'Root': 'C:\Users\MAD LVLC\cours\actions-runner'
[2026-03-25 18:55:37Z INFO HostContext] Well known config file 'Credentials': 'C:\Users\MAD LVLC\cours\actions-runner\.credentials'
[2026-03-25 18:55:37Z INFO ConfigurationStore] CredFilePath: C:\Users\MAD LVLC\cours\actions-runner\.credentials
[2026-03-25 18:55:37Z INFO HostContext] Well known directory 'Bin': 'C:\Users\MAD LVLC\cours\actions-runner\bin'
[2026-03-25 18:55:37Z INFO HostContext] Well known directory 'Root': 'C:\Users\MAD LVLC\cours\actions-runner'
[2026-03-25 18:55:37Z INFO HostContext] Well known config file 'MigratedCredentials': 'C:\Users\MAD LVLC\cours\actions-runner\.credentials_migrated'
[2026-03-25 18:55:37Z INFO ConfigurationStore] MigratedCredFilePath: C:\Users\MAD LVLC\cours\actions-runner\.credentials_migrated
[2026-03-25 18:55:37Z INFO HostContext] Well known directory 'Bin': 'C:\Users\MAD LVLC\cours\actions-runner\bin'
[2026-03-25 18:55:37Z INFO HostContext] Well known directory 'Root': 'C:\Users\MAD LVLC\cours\actions-runner'
[2026-03-25 18:55:37Z INFO HostContext] Well known config file 'Service': 'C:\Users\MAD LVLC\cours\actions-runner\.service'
[2026-03-25 18:55:37Z INFO ConfigurationStore] ServiceConfigFilePath: C:\Users\MAD LVLC\cours\actions-runner\.service
[2026-03-25 18:55:37Z INFO CommandSettings] Flag 'help': 'False'
[2026-03-25 18:55:37Z INFO CommandSettings] Flag 'version': 'False'
[2026-03-25 18:55:37Z INFO CommandSettings] Flag 'commit': 'False'
[2026-03-25 18:55:37Z INFO CommandSettings] Flag 'check': 'False'
[2026-03-25 18:55:37Z INFO CommandSettings] Command 'configure': 'False'
[2026-03-25 18:55:37Z INFO CommandSettings] Command 'remove': 'False'
[2026-03-25 18:55:37Z INFO CommandSettings] Command 'warmup': 'False'
[2026-03-25 18:55:37Z INFO ConfigurationManager] LoadSettings
[2026-03-25 18:55:37Z INFO ConfigurationStore] IsConfigured()
[2026-03-25 18:55:37Z INFO ConfigurationStore] IsConfigured: True
[2026-03-25 18:55:37Z INFO ConfigurationManager] Is configured: True
[2026-03-25 18:55:37Z INFO ConfigurationStore] Read setting file: 383 chars
[2026-03-25 18:55:37Z INFO ConfigurationManager] Settings Loaded
[2026-03-25 18:55:37Z INFO ConfigurationStore] IsServiceConfigured()
[2026-03-25 18:55:37Z INFO ConfigurationStore] IsServiceConfigured: False
[2026-03-25 18:55:37Z INFO CommandSettings] Command 'run': 'True'
[2026-03-25 18:55:37Z INFO ConfigurationStore] IsConfigured()
[2026-03-25 18:55:37Z INFO ConfigurationStore] IsConfigured: True
[2026-03-25 18:55:37Z INFO ConfigurationManager] Is configured: True
[2026-03-25 18:55:37Z INFO Runner] Could not parse the argument value '' for StartupType. Defaulting to Manual
[2026-03-25 18:55:37Z INFO Runner] Set runner startup type - Manual
[2026-03-25 18:55:37Z INFO CommandSettings] Flag 'once': 'False'
[2026-03-25 18:55:37Z INFO CommandSettings] Flag 'once': 'False'
[2026-03-25 18:55:37Z INFO Runner] RunAsync
[2026-03-25 18:55:37Z INFO HostContext] Well known directory 'Bin': 'C:\Users\MAD LVLC\cours\actions-runner\bin'
[2026-03-25 18:55:37Z INFO HostContext] Well known directory 'Root': 'C:\Users\MAD LVLC\cours\actions-runner'
[2026-03-25 18:55:37Z INFO HostContext] Well known directory 'Work': 'C:\Users\MAD LVLC\cours\actions-runner\_work'
[2026-03-25 18:55:37Z INFO Runner] Validating directory permissions for: 'C:\Users\MAD LVLC\cours\actions-runner\_work'
[2026-03-25 18:55:37Z INFO ConfigurationManager] LoadMigratedSettings
[2026-03-25 18:55:37Z INFO ConfigurationStore] IsMigratedConfigured()
[2026-03-25 18:55:37Z INFO ConfigurationStore] IsMigratedConfigured: False
[2026-03-25 18:55:37Z INFO Runner] Failed to load migrated settings: No migrated configuration found.
[2026-03-25 18:55:37Z INFO Runner] Falling back to original .runner settings
[2026-03-25 18:55:37Z INFO Runner] Using BrokerMessageListener
[2026-03-25 18:55:37Z INFO BrokerMessageListener] Using provided settings
[2026-03-25 18:55:37Z INFO BrokerMessageListener] {
  "AgentId": 21,
  "AgentName": "MAD",
  "PoolId": 1,
  "PoolName": "Default",
  "ServerUrl": "https://pipelinesghubeus24.actions.githubusercontent.com/0duiAwq37SRPNZWKI966qzwOJL8Rlu1lgvqxlNV9gAVnE7KyW8/",
  "GitHubUrl": "https://github.com/madshinee/cours",
  "WorkFolder": "_work",
  "UseV2Flow": true,
  "ServerUrlV2": "https://broker.actions.githubusercontent.com/"
}
[2026-03-25 18:55:37Z INFO BrokerMessageListener] Loading Credentials
[2026-03-25 18:55:37Z INFO ConfigurationStore] HasCredentials()
[2026-03-25 18:55:37Z INFO ConfigurationStore] stored True
[2026-03-25 18:55:37Z INFO CredentialManager] GetCredentialProvider
[2026-03-25 18:55:37Z INFO CredentialManager] Creating type OAuth
[2026-03-25 18:55:37Z INFO CredentialManager] Creating credential type: OAuth
[2026-03-25 18:55:37Z INFO HostContext] Well known directory 'Bin': 'C:\Users\MAD LVLC\cours\actions-runner\bin'
[2026-03-25 18:55:37Z INFO HostContext] Well known directory 'Root': 'C:\Users\MAD LVLC\cours\actions-runner'
[2026-03-25 18:55:37Z INFO HostContext] Well known config file 'RSACredentials': 'C:\Users\MAD LVLC\cours\actions-runner\.credentials_rsaparams'
[2026-03-25 18:55:37Z INFO RSAEncryptedFileKeyManager] Loading RSA key parameters from file C:\Users\MAD LVLC\cours\actions-runner\.credentials_rsaparams
[2026-03-25 18:55:38Z INFO BrokerMessageListener] Attempt to create session.
[2026-03-25 18:55:38Z INFO BrokerMessageListener] Connecting to the Broker Server...
[2026-03-25 18:55:38Z INFO ConfigurationStore] HasCredentials()
[2026-03-25 18:55:38Z INFO ConfigurationStore] stored True
[2026-03-25 18:55:38Z INFO CredentialManager] GetCredentialProvider
[2026-03-25 18:55:38Z INFO CredentialManager] Creating type OAuth
[2026-03-25 18:55:38Z INFO CredentialManager] Creating credential type: OAuth
[2026-03-25 18:55:38Z INFO RSAEncryptedFileKeyManager] Loading RSA key parameters from file C:\Users\MAD LVLC\cours\actions-runner\.credentials_rsaparams
[2026-03-25 18:55:38Z INFO BrokerMessageListener] VssConnection created
[2026-03-25 18:55:38Z INFO BrokerMessageListener] Connecting to the Runner server...
[2026-03-25 18:55:38Z INFO RunnerServer] EstablishVssConnection
[2026-03-25 18:55:38Z INFO RunnerServer] Establish connection with 100 seconds timeout.
[2026-03-25 18:55:38Z INFO GitHubActionsService] Starting operation Location.GetConnectionData
[2026-03-25 18:55:38Z INFO RunnerServer] EstablishVssConnection
[2026-03-25 18:55:38Z INFO RunnerServer] Establish connection with 60 seconds timeout.
[2026-03-25 18:55:38Z INFO GitHubActionsService] Starting operation Location.GetConnectionData
[2026-03-25 18:55:38Z INFO RunnerServer] EstablishVssConnection
[2026-03-25 18:55:38Z INFO RunnerServer] Establish connection with 60 seconds timeout.
[2026-03-25 18:55:38Z INFO GitHubActionsService] Starting operation Location.GetConnectionData
[2026-03-25 18:55:39Z INFO GitHubActionsService] Finished operation Location.GetConnectionData
[2026-03-25 18:55:39Z INFO GitHubActionsService] Finished operation Location.GetConnectionData
[2026-03-25 18:55:39Z INFO GitHubActionsService] Finished operation Location.GetConnectionData
[2026-03-25 18:55:39Z INFO BrokerMessageListener] VssConnection created
[2026-03-25 18:55:39Z INFO Terminal] WRITE LINE: 
[2026-03-25 18:55:39Z INFO Terminal] WRITE LINE: 
[2026-03-25 18:55:39Z INFO RSAEncryptedFileKeyManager] Loading RSA key parameters from file C:\Users\MAD LVLC\cours\actions-runner\.credentials_rsaparams
[2026-03-25 18:55:39Z INFO RSAEncryptedFileKeyManager] Loading RSA key parameters from file C:\Users\MAD LVLC\cours\actions-runner\.credentials_rsaparams
[2026-03-25 18:55:40Z INFO GitHubActionsService] AAD Correlation ID for this token request: Unknown
[2026-03-25 18:55:42Z INFO BrokerMessageListener] Session created.
[2026-03-25 18:55:42Z INFO Terminal] WRITE LINE: Current runner version: '2.333.0'
[2026-03-25 18:55:42Z INFO Terminal] WRITE LINE: 2026-03-25 18:55:42Z: Listening for Jobs
[2026-03-25 18:55:42Z INFO JobDispatcher] Set runner/worker IPC timeout to 30 seconds.
[2026-03-25 19:03:13Z INFO BrokerMessageListener] Acknowledging runner request '29d5ecc1-30a5-541e-a12d-58adc50f3d19'.
[2026-03-25 19:03:13Z INFO ConfigurationStore] HasCredentials()
[2026-03-25 19:03:13Z INFO ConfigurationStore] stored True
[2026-03-25 19:03:13Z INFO CredentialManager] GetCredentialProvider
[2026-03-25 19:03:13Z INFO CredentialManager] Creating type OAuth
[2026-03-25 19:03:13Z INFO CredentialManager] Creating credential type: OAuth
[2026-03-25 19:03:13Z INFO RSAEncryptedFileKeyManager] Loading RSA key parameters from file C:\Users\MAD LVLC\cours\actions-runner\.credentials_rsaparams
[2026-03-25 19:03:13Z INFO RSAEncryptedFileKeyManager] Loading RSA key parameters from file C:\Users\MAD LVLC\cours\actions-runner\.credentials_rsaparams
[2026-03-25 19:03:13Z INFO RSAEncryptedFileKeyManager] Loading RSA key parameters from file C:\Users\MAD LVLC\cours\actions-runner\.credentials_rsaparams
[2026-03-25 19:03:14Z INFO GitHubActionsService] AAD Correlation ID for this token request: Unknown
[2026-03-25 19:03:16Z INFO JobDispatcher] Job request 0 for plan 03a4e811-f74e-41c7-bc3e-d84c8e6fe298 job 29d5ecc1-30a5-541e-a12d-58adc50f3d19 received.
[2026-03-25 19:03:16Z INFO JobDispatcher] Pull OrchestrationId 03a4e811-f74e-41c7-bc3e-d84c8e6fe298.test-runner.__default from JWT claims
[2026-03-25 19:03:16Z INFO BrokerMessageListener] Received job status event. JobState: Busy
[2026-03-25 19:03:16Z INFO BrokerMessageListener] _getMessagesTokenSource is already disposed.
[2026-03-25 19:03:16Z INFO Terminal] WRITE LINE: 2026-03-25 19:03:16Z: Running job: test-runner
[2026-03-25 19:03:16Z INFO JobDispatcher] Start renew job request 0 for job 29d5ecc1-30a5-541e-a12d-58adc50f3d19.
[2026-03-25 19:03:16Z INFO JobDispatcher] Successfully renew job 29d5ecc1-30a5-541e-a12d-58adc50f3d19, job is valid till 25/03/2026 19:13:16
[2026-03-25 19:03:16Z INFO HostContext] Well known directory 'Bin': 'C:\Users\MAD LVLC\cours\actions-runner\bin'
[2026-03-25 19:03:16Z INFO ProcessInvokerWrapper] Starting process:
[2026-03-25 19:03:16Z INFO ProcessInvokerWrapper]   File name: 'C:\Users\MAD LVLC\cours\actions-runner\bin\Runner.Worker.exe'
[2026-03-25 19:03:16Z INFO ProcessInvokerWrapper]   Arguments: 'spawnclient 1740 1732'
[2026-03-25 19:03:16Z INFO ProcessInvokerWrapper]   Working directory: 'C:\Users\MAD LVLC\cours\actions-runner\bin'
[2026-03-25 19:03:16Z INFO ProcessInvokerWrapper]   Require exit code zero: 'False'
[2026-03-25 19:03:16Z INFO ProcessInvokerWrapper]   Encoding web name:  ; code page: ''
[2026-03-25 19:03:16Z INFO ProcessInvokerWrapper]   Force kill process on cancellation: 'True'
[2026-03-25 19:03:16Z INFO ProcessInvokerWrapper]   Redirected STDIN: 'False'
[2026-03-25 19:03:16Z INFO ProcessInvokerWrapper]   Persist current code page: 'False'
[2026-03-25 19:03:16Z INFO ProcessInvokerWrapper]   Keep redirected STDIN open: 'False'
[2026-03-25 19:03:16Z INFO ProcessInvokerWrapper]   High priority process: 'True'
[2026-03-25 19:03:16Z INFO ProcessInvokerWrapper] Process started with process id 24424, waiting for process exit.
[2026-03-25 19:03:16Z INFO JobDispatcher] Send job request message to worker for job 29d5ecc1-30a5-541e-a12d-58adc50f3d19.
[2026-03-25 19:03:16Z INFO ProcessChannel] Sending message of length 18925, with hash '83dedae1b816125b594ed9b58cbed75238b7bc18b479e151e3ab5a920cd3dee6'
[2026-03-25 19:03:17Z INFO JobNotification] Entering JobStarted Notification
[2026-03-25 19:03:17Z INFO JobNotification] Entering StartMonitor
[2026-03-25 19:03:24Z INFO ProcessInvokerWrapper] STDOUT/STDERR stream read finished.
[2026-03-25 19:03:24Z INFO ProcessInvokerWrapper] STDOUT/STDERR stream read finished.
[2026-03-25 19:03:24Z INFO ProcessInvokerWrapper] Finished process 24424 with exit code 102, and elapsed time 00:00:08.1917757.
[2026-03-25 19:03:24Z INFO JobDispatcher] Worker finished for job 29d5ecc1-30a5-541e-a12d-58adc50f3d19. Code: 102
[2026-03-25 19:03:24Z INFO JobDispatcher] finish job request for job 29d5ecc1-30a5-541e-a12d-58adc50f3d19 with result: Failed
[2026-03-25 19:03:24Z INFO Terminal] WRITE LINE: 2026-03-25 19:03:24Z: Job test-runner completed with result: Failed
[2026-03-25 19:03:24Z INFO JobDispatcher] Stop renew job request for job 29d5ecc1-30a5-541e-a12d-58adc50f3d19.
[2026-03-25 19:03:24Z INFO JobDispatcher] job renew has been cancelled, stop renew job 29d5ecc1-30a5-541e-a12d-58adc50f3d19.
[2026-03-25 19:03:24Z INFO JobNotification] Entering JobCompleted Notification
[2026-03-25 19:03:24Z INFO JobNotification] Entering EndMonitor
[2026-03-25 19:03:24Z INFO BrokerMessageListener] Received job status event. JobState: Online
[2026-03-25 19:03:24Z WARN GitHubActionsService] GET request to https://broker.actions.githubusercontent.com/message?sessionId=b25b66d9-4d33-4e56-ac9b-67d2ee6bd6d6&status=Busy&runnerVersion=2.333.0&os=Windows&architecture=X64&disableUpdate=false has been cancelled.
[2026-03-25 19:03:24Z ERR  BrokerServer] Catch exception during request
[2026-03-25 19:03:24Z ERR  BrokerServer] System.Threading.Tasks.TaskCanceledException: The operation was canceled.
 ---> System.Threading.Tasks.TaskCanceledException: The operation was canceled.
 ---> System.IO.IOException: Unable to read data from the transport connection: L’opération d’entrée/sortie a été abandonnée en raison de l’arrêt d’un thread ou à la demande d’une application..
 ---> System.Net.Sockets.SocketException (995): L’opération d’entrée/sortie a été abandonnée en raison de l’arrêt d’un thread ou à la demande d’une application.
   --- End of inner exception stack trace ---
   at System.Net.Sockets.Socket.AwaitableSocketAsyncEventArgs.ThrowException(SocketError error, CancellationToken cancellationToken)
   at System.Net.Sockets.Socket.AwaitableSocketAsyncEventArgs.System.Threading.Tasks.Sources.IValueTaskSource<System.Int32>.GetResult(Int16 token)
   at System.Net.Security.SslStream.EnsureFullTlsFrameAsync[TIOAdapter](CancellationToken cancellationToken, Int32 estimatedSize)
   at System.Runtime.CompilerServices.PoolingAsyncValueTaskMethodBuilder`1.StateMachineBox`1.System.Threading.Tasks.Sources.IValueTaskSource<TResult>.GetResult(Int16 token)
   at System.Net.Security.SslStream.ReadAsyncInternal[TIOAdapter](Memory`1 buffer, CancellationToken cancellationToken)
   at System.Runtime.CompilerServices.PoolingAsyncValueTaskMethodBuilder`1.StateMachineBox`1.System.Threading.Tasks.Sources.IValueTaskSource<TResult>.GetResult(Int16 token)
   at System.Net.Http.HttpConnection.SendAsync(HttpRequestMessage request, Boolean async, CancellationToken cancellationToken)
   --- End of inner exception stack trace ---
   at System.Net.Http.HttpConnection.SendAsync(HttpRequestMessage request, Boolean async, CancellationToken cancellationToken)
   at System.Net.Http.AuthenticationHelper.SendWithNtAuthAsync(HttpRequestMessage request, Uri authUri, Boolean async, ICredentials credentials, Boolean isProxyAuth, HttpConnection connection, HttpConnectionPool connectionPool, CancellationToken cancellationToken)
   at System.Net.Http.HttpConnectionPool.SendWithVersionDetectionAndRetryAsync(HttpRequestMessage request, Boolean async, Boolean doRequestAuth, CancellationToken cancellationToken)
   at System.Net.Http.AuthenticationHelper.SendWithAuthAsync(HttpRequestMessage request, Uri authUri, Boolean async, ICredentials credentials, Boolean preAuthenticate, Boolean isProxyAuth, Boolean doRequestAuth, HttpConnectionPool pool, CancellationToken cancellationToken)
   at System.Net.Http.RedirectHandler.SendAsync(HttpRequestMessage request, Boolean async, CancellationToken cancellationToken)
   at GitHub.Services.Common.RawHttpMessageHandler.SendAsync(HttpRequestMessage request, CancellationToken cancellationToken)
   at GitHub.Services.Common.VssHttpRetryMessageHandler.SendAsync(HttpRequestMessage request, CancellationToken cancellationToken)
   at System.Net.Http.HttpClient.<SendAsync>g__Core|83_0(HttpRequestMessage request, HttpCompletionOption completionOption, CancellationTokenSource cts, Boolean disposeCts, CancellationTokenSource pendingRequestsCts, CancellationToken originalCancellationToken)
   --- End of inner exception stack trace ---
   at System.Net.Http.HttpClient.HandleFailure(Exception e, Boolean telemetryStarted, HttpResponseMessage response, CancellationTokenSource cts, CancellationToken cancellationToken, CancellationTokenSource pendingRequestsCts)
   at System.Net.Http.HttpClient.<SendAsync>g__Core|83_0(HttpRequestMessage request, HttpCompletionOption completionOption, CancellationTokenSource cts, Boolean disposeCts, CancellationTokenSource pendingRequestsCts, CancellationToken originalCancellationToken)
   at Sdk.WebApi.WebApi.RawHttpClientBase.SendAsync(HttpRequestMessage message, HttpCompletionOption completionOption, Object userState, CancellationToken cancellationToken)
   at Sdk.WebApi.WebApi.RawHttpClientBase.SendAsync[T](HttpRequestMessage message, Boolean readErrorBody, Object userState, CancellationToken cancellationToken)
   at Sdk.WebApi.WebApi.RawHttpClientBase.SendAsync[T](HttpMethod method, IEnumerable`1 additionalHeaders, Uri requestUri, HttpContent content, IEnumerable`1 queryParameters, Boolean readErrorBody, Object userState, CancellationToken cancellationToken)
   at GitHub.Actions.RunService.WebApi.BrokerHttpClient.GetRunnerMessageAsync(Nullable`1 sessionId, String runnerVersion, Nullable`1 status, String os, String architecture, Nullable`1 disableUpdate, CancellationToken cancellationToken)
   at GitHub.Runner.Common.BrokerServer.<>c__DisplayClass7_0.<<GetRunnerMessageAsync>b__0>d.MoveNext()
--- End of stack trace from previous location ---
   at GitHub.Runner.Common.RunnerService.RetryRequest[T](Func`1 func, CancellationToken cancellationToken, Int32 maxAttempts, Func`2 shouldRetry)
[2026-03-25 19:03:24Z ERR  BrokerServer] #####################################################
[2026-03-25 19:03:24Z ERR  BrokerServer] System.Threading.Tasks.TaskCanceledException: The operation was canceled.
 ---> System.IO.IOException: Unable to read data from the transport connection: L’opération d’entrée/sortie a été abandonnée en raison de l’arrêt d’un thread ou à la demande d’une application..
 ---> System.Net.Sockets.SocketException (995): L’opération d’entrée/sortie a été abandonnée en raison de l’arrêt d’un thread ou à la demande d’une application.
   --- End of inner exception stack trace ---
   at System.Net.Sockets.Socket.AwaitableSocketAsyncEventArgs.ThrowException(SocketError error, CancellationToken cancellationToken)
   at System.Net.Sockets.Socket.AwaitableSocketAsyncEventArgs.System.Threading.Tasks.Sources.IValueTaskSource<System.Int32>.GetResult(Int16 token)
   at System.Net.Security.SslStream.EnsureFullTlsFrameAsync[TIOAdapter](CancellationToken cancellationToken, Int32 estimatedSize)
   at System.Runtime.CompilerServices.PoolingAsyncValueTaskMethodBuilder`1.StateMachineBox`1.System.Threading.Tasks.Sources.IValueTaskSource<TResult>.GetResult(Int16 token)
   at System.Net.Security.SslStream.ReadAsyncInternal[TIOAdapter](Memory`1 buffer, CancellationToken cancellationToken)
   at System.Runtime.CompilerServices.PoolingAsyncValueTaskMethodBuilder`1.StateMachineBox`1.System.Threading.Tasks.Sources.IValueTaskSource<TResult>.GetResult(Int16 token)
   at System.Net.Http.HttpConnection.SendAsync(HttpRequestMessage request, Boolean async, CancellationToken cancellationToken)
   --- End of inner exception stack trace ---
   at System.Net.Http.HttpConnection.SendAsync(HttpRequestMessage request, Boolean async, CancellationToken cancellationToken)
   at System.Net.Http.AuthenticationHelper.SendWithNtAuthAsync(HttpRequestMessage request, Uri authUri, Boolean async, ICredentials credentials, Boolean isProxyAuth, HttpConnection connection, HttpConnectionPool connectionPool, CancellationToken cancellationToken)
   at System.Net.Http.HttpConnectionPool.SendWithVersionDetectionAndRetryAsync(HttpRequestMessage request, Boolean async, Boolean doRequestAuth, CancellationToken cancellationToken)
   at System.Net.Http.AuthenticationHelper.SendWithAuthAsync(HttpRequestMessage request, Uri authUri, Boolean async, ICredentials credentials, Boolean preAuthenticate, Boolean isProxyAuth, Boolean doRequestAuth, HttpConnectionPool pool, CancellationToken cancellationToken)
   at System.Net.Http.RedirectHandler.SendAsync(HttpRequestMessage request, Boolean async, CancellationToken cancellationToken)
   at GitHub.Services.Common.RawHttpMessageHandler.SendAsync(HttpRequestMessage request, CancellationToken cancellationToken)
   at GitHub.Services.Common.VssHttpRetryMessageHandler.SendAsync(HttpRequestMessage request, CancellationToken cancellationToken)
   at System.Net.Http.HttpClient.<SendAsync>g__Core|83_0(HttpRequestMessage request, HttpCompletionOption completionOption, CancellationTokenSource cts, Boolean disposeCts, CancellationTokenSource pendingRequestsCts, CancellationToken originalCancellationToken)
[2026-03-25 19:03:24Z ERR  BrokerServer] #####################################################
[2026-03-25 19:03:24Z ERR  BrokerServer] System.IO.IOException: Unable to read data from the transport connection: L’opération d’entrée/sortie a été abandonnée en raison de l’arrêt d’un thread ou à la demande d’une application..
 ---> System.Net.Sockets.SocketException (995): L’opération d’entrée/sortie a été abandonnée en raison de l’arrêt d’un thread ou à la demande d’une application.
   --- End of inner exception stack trace ---
   at System.Net.Sockets.Socket.AwaitableSocketAsyncEventArgs.ThrowException(SocketError error, CancellationToken cancellationToken)
   at System.Net.Sockets.Socket.AwaitableSocketAsyncEventArgs.System.Threading.Tasks.Sources.IValueTaskSource<System.Int32>.GetResult(Int16 token)
   at System.Net.Security.SslStream.EnsureFullTlsFrameAsync[TIOAdapter](CancellationToken cancellationToken, Int32 estimatedSize)
   at System.Runtime.CompilerServices.PoolingAsyncValueTaskMethodBuilder`1.StateMachineBox`1.System.Threading.Tasks.Sources.IValueTaskSource<TResult>.GetResult(Int16 token)
   at System.Net.Security.SslStream.ReadAsyncInternal[TIOAdapter](Memory`1 buffer, CancellationToken cancellationToken)
   at System.Runtime.CompilerServices.PoolingAsyncValueTaskMethodBuilder`1.StateMachineBox`1.System.Threading.Tasks.Sources.IValueTaskSource<TResult>.GetResult(Int16 token)
   at System.Net.Http.HttpConnection.SendAsync(HttpRequestMessage request, Boolean async, CancellationToken cancellationToken)
[2026-03-25 19:03:24Z ERR  BrokerServer] #####################################################
[2026-03-25 19:03:24Z ERR  BrokerServer] System.Net.Sockets.SocketException (995): L’opération d’entrée/sortie a été abandonnée en raison de l’arrêt d’un thread ou à la demande d’une application.
[2026-03-25 19:03:24Z WARN BrokerServer] Back off 10,452 seconds before next retry. 4 attempt left.
[2026-03-25 19:03:24Z INFO BrokerMessageListener] Get messages has been cancelled using local token source. Continue to get messages with new status.
[2026-03-25 19:06:10Z INFO BrokerMessageListener] Acknowledging runner request '27b154f0-e51e-56a8-a434-daac2fe59240'.
[2026-03-25 19:06:11Z INFO ConfigurationStore] HasCredentials()
[2026-03-25 19:06:11Z INFO ConfigurationStore] stored True
[2026-03-25 19:06:11Z INFO CredentialManager] GetCredentialProvider
[2026-03-25 19:06:11Z INFO CredentialManager] Creating type OAuth
[2026-03-25 19:06:11Z INFO CredentialManager] Creating credential type: OAuth
[2026-03-25 19:06:11Z INFO RSAEncryptedFileKeyManager] Loading RSA key parameters from file C:\Users\MAD LVLC\cours\actions-runner\.credentials_rsaparams
[2026-03-25 19:06:11Z INFO RSAEncryptedFileKeyManager] Loading RSA key parameters from file C:\Users\MAD LVLC\cours\actions-runner\.credentials_rsaparams
[2026-03-25 19:06:11Z INFO RSAEncryptedFileKeyManager] Loading RSA key parameters from file C:\Users\MAD LVLC\cours\actions-runner\.credentials_rsaparams
[2026-03-25 19:06:11Z INFO GitHubActionsService] AAD Correlation ID for this token request: Unknown
[2026-03-25 19:06:13Z INFO JobDispatcher] Job request 0 for plan 38d539d1-4485-47a0-bdea-071eff4e6ac8 job 27b154f0-e51e-56a8-a434-daac2fe59240 received.
[2026-03-25 19:06:13Z INFO JobDispatcher] Pull OrchestrationId 38d539d1-4485-47a0-bdea-071eff4e6ac8.test-runner.__default from JWT claims
[2026-03-25 19:06:13Z INFO BrokerMessageListener] Received job status event. JobState: Busy
[2026-03-25 19:06:13Z INFO BrokerMessageListener] _getMessagesTokenSource is already disposed.
[2026-03-25 19:06:13Z INFO JobDispatcher] Job request 29d5ecc1-30a5-541e-a12d-58adc50f3d19 processed succeed.
[2026-03-25 19:06:13Z INFO Terminal] WRITE LINE: 2026-03-25 19:06:13Z: Running job: test-runner
[2026-03-25 19:06:13Z INFO JobDispatcher] Start renew job request 0 for job 27b154f0-e51e-56a8-a434-daac2fe59240.
[2026-03-25 19:06:14Z INFO JobDispatcher] Successfully renew job 27b154f0-e51e-56a8-a434-daac2fe59240, job is valid till 25/03/2026 19:16:13
[2026-03-25 19:06:14Z INFO HostContext] Well known directory 'Bin': 'C:\Users\MAD LVLC\cours\actions-runner\bin'
[2026-03-25 19:06:14Z INFO ProcessInvokerWrapper] Starting process:
[2026-03-25 19:06:14Z INFO ProcessInvokerWrapper]   File name: 'C:\Users\MAD LVLC\cours\actions-runner\bin\Runner.Worker.exe'
[2026-03-25 19:06:14Z INFO ProcessInvokerWrapper]   Arguments: 'spawnclient 2112 1732'
[2026-03-25 19:06:14Z INFO ProcessInvokerWrapper]   Working directory: 'C:\Users\MAD LVLC\cours\actions-runner\bin'
[2026-03-25 19:06:14Z INFO ProcessInvokerWrapper]   Require exit code zero: 'False'
[2026-03-25 19:06:14Z INFO ProcessInvokerWrapper]   Encoding web name:  ; code page: ''
[2026-03-25 19:06:14Z INFO ProcessInvokerWrapper]   Force kill process on cancellation: 'True'
[2026-03-25 19:06:14Z INFO ProcessInvokerWrapper]   Redirected STDIN: 'False'
[2026-03-25 19:06:14Z INFO ProcessInvokerWrapper]   Persist current code page: 'False'
[2026-03-25 19:06:14Z INFO ProcessInvokerWrapper]   Keep redirected STDIN open: 'False'
[2026-03-25 19:06:14Z INFO ProcessInvokerWrapper]   High priority process: 'True'
[2026-03-25 19:06:14Z INFO ProcessInvokerWrapper] Process started with process id 23368, waiting for process exit.
[2026-03-25 19:06:14Z INFO JobDispatcher] Send job request message to worker for job 27b154f0-e51e-56a8-a434-daac2fe59240.
[2026-03-25 19:06:14Z INFO ProcessChannel] Sending message of length 18975, with hash '95dc7388ee0caeeb121b8591486eae2849ad9a7ec83c83fc61630a4aa519f6bf'
[2026-03-25 19:06:14Z INFO JobNotification] Entering JobStarted Notification
[2026-03-25 19:06:14Z INFO JobNotification] Entering StartMonitor
[2026-03-25 19:06:22Z INFO ProcessInvokerWrapper] STDOUT/STDERR stream read finished.
[2026-03-25 19:06:22Z INFO ProcessInvokerWrapper] STDOUT/STDERR stream read finished.
[2026-03-25 19:06:22Z INFO ProcessInvokerWrapper] Finished process 23368 with exit code 100, and elapsed time 00:00:08.4402939.
[2026-03-25 19:06:22Z INFO JobDispatcher] Worker finished for job 27b154f0-e51e-56a8-a434-daac2fe59240. Code: 100
[2026-03-25 19:06:22Z INFO JobDispatcher] finish job request for job 27b154f0-e51e-56a8-a434-daac2fe59240 with result: Succeeded
[2026-03-25 19:06:22Z INFO Terminal] WRITE LINE: 2026-03-25 19:06:22Z: Job test-runner completed with result: Succeeded
[2026-03-25 19:06:22Z INFO JobDispatcher] Stop renew job request for job 27b154f0-e51e-56a8-a434-daac2fe59240.
[2026-03-25 19:06:22Z INFO JobDispatcher] job renew has been cancelled, stop renew job 27b154f0-e51e-56a8-a434-daac2fe59240.
[2026-03-25 19:06:22Z INFO JobNotification] Entering JobCompleted Notification
[2026-03-25 19:06:22Z INFO JobNotification] Entering EndMonitor
[2026-03-25 19:06:22Z INFO BrokerMessageListener] Received job status event. JobState: Online
[2026-03-25 19:06:22Z WARN GitHubActionsService] GET request to https://broker.actions.githubusercontent.com/message?sessionId=b25b66d9-4d33-4e56-ac9b-67d2ee6bd6d6&status=Busy&runnerVersion=2.333.0&os=Windows&architecture=X64&disableUpdate=false has been cancelled.
[2026-03-25 19:06:22Z ERR  BrokerServer] Catch exception during request
[2026-03-25 19:06:22Z ERR  BrokerServer] System.Threading.Tasks.TaskCanceledException: The operation was canceled.
 ---> System.Threading.Tasks.TaskCanceledException: The operation was canceled.
 ---> System.IO.IOException: Unable to read data from the transport connection: L’opération d’entrée/sortie a été abandonnée en raison de l’arrêt d’un thread ou à la demande d’une application..
 ---> System.Net.Sockets.SocketException (995): L’opération d’entrée/sortie a été abandonnée en raison de l’arrêt d’un thread ou à la demande d’une application.
   --- End of inner exception stack trace ---
   at System.Net.Sockets.Socket.AwaitableSocketAsyncEventArgs.ThrowException(SocketError error, CancellationToken cancellationToken)
   at System.Net.Sockets.Socket.AwaitableSocketAsyncEventArgs.System.Threading.Tasks.Sources.IValueTaskSource<System.Int32>.GetResult(Int16 token)
   at System.Net.Security.SslStream.EnsureFullTlsFrameAsync[TIOAdapter](CancellationToken cancellationToken, Int32 estimatedSize)
   at System.Runtime.CompilerServices.PoolingAsyncValueTaskMethodBuilder`1.StateMachineBox`1.System.Threading.Tasks.Sources.IValueTaskSource<TResult>.GetResult(Int16 token)
   at System.Net.Security.SslStream.ReadAsyncInternal[TIOAdapter](Memory`1 buffer, CancellationToken cancellationToken)
   at System.Runtime.CompilerServices.PoolingAsyncValueTaskMethodBuilder`1.StateMachineBox`1.System.Threading.Tasks.Sources.IValueTaskSource<TResult>.GetResult(Int16 token)
   at System.Net.Http.HttpConnection.<EnsureReadAheadTaskHasStarted>g__ReadAheadWithZeroByteReadAsync|40_0()
   at System.Net.Http.HttpConnection.SendAsync(HttpRequestMessage request, Boolean async, CancellationToken cancellationToken)
   --- End of inner exception stack trace ---
   at System.Net.Http.HttpConnection.SendAsync(HttpRequestMessage request, Boolean async, CancellationToken cancellationToken)
   at System.Net.Http.AuthenticationHelper.SendWithNtAuthAsync(HttpRequestMessage request, Uri authUri, Boolean async, ICredentials credentials, Boolean isProxyAuth, HttpConnection connection, HttpConnectionPool connectionPool, CancellationToken cancellationToken)
   at System.Net.Http.HttpConnectionPool.SendWithVersionDetectionAndRetryAsync(HttpRequestMessage request, Boolean async, Boolean doRequestAuth, CancellationToken cancellationToken)
   at System.Net.Http.AuthenticationHelper.SendWithAuthAsync(HttpRequestMessage request, Uri authUri, Boolean async, ICredentials credentials, Boolean preAuthenticate, Boolean isProxyAuth, Boolean doRequestAuth, HttpConnectionPool pool, CancellationToken cancellationToken)
   at System.Net.Http.RedirectHandler.SendAsync(HttpRequestMessage request, Boolean async, CancellationToken cancellationToken)
   at GitHub.Services.Common.RawHttpMessageHandler.SendAsync(HttpRequestMessage request, CancellationToken cancellationToken)
   at GitHub.Services.Common.VssHttpRetryMessageHandler.SendAsync(HttpRequestMessage request, CancellationToken cancellationToken)
   at System.Net.Http.HttpClient.<SendAsync>g__Core|83_0(HttpRequestMessage request, HttpCompletionOption completionOption, CancellationTokenSource cts, Boolean disposeCts, CancellationTokenSource pendingRequestsCts, CancellationToken originalCancellationToken)
   --- End of inner exception stack trace ---
   at System.Net.Http.HttpClient.HandleFailure(Exception e, Boolean telemetryStarted, HttpResponseMessage response, CancellationTokenSource cts, CancellationToken cancellationToken, CancellationTokenSource pendingRequestsCts)
   at System.Net.Http.HttpClient.<SendAsync>g__Core|83_0(HttpRequestMessage request, HttpCompletionOption completionOption, CancellationTokenSource cts, Boolean disposeCts, CancellationTokenSource pendingRequestsCts, CancellationToken originalCancellationToken)
   at Sdk.WebApi.WebApi.RawHttpClientBase.SendAsync(HttpRequestMessage message, HttpCompletionOption completionOption, Object userState, CancellationToken cancellationToken)
   at Sdk.WebApi.WebApi.RawHttpClientBase.SendAsync[T](HttpRequestMessage message, Boolean readErrorBody, Object userState, CancellationToken cancellationToken)
   at Sdk.WebApi.WebApi.RawHttpClientBase.SendAsync[T](HttpMethod method, IEnumerable`1 additionalHeaders, Uri requestUri, HttpContent content, IEnumerable`1 queryParameters, Boolean readErrorBody, Object userState, CancellationToken cancellationToken)
   at GitHub.Actions.RunService.WebApi.BrokerHttpClient.GetRunnerMessageAsync(Nullable`1 sessionId, String runnerVersion, Nullable`1 status, String os, String architecture, Nullable`1 disableUpdate, CancellationToken cancellationToken)
   at GitHub.Runner.Common.BrokerServer.<>c__DisplayClass7_0.<<GetRunnerMessageAsync>b__0>d.MoveNext()
--- End of stack trace from previous location ---
   at GitHub.Runner.Common.RunnerService.RetryRequest[T](Func`1 func, CancellationToken cancellationToken, Int32 maxAttempts, Func`2 shouldRetry)
[2026-03-25 19:06:22Z ERR  BrokerServer] #####################################################
[2026-03-25 19:06:22Z ERR  BrokerServer] System.Threading.Tasks.TaskCanceledException: The operation was canceled.
 ---> System.IO.IOException: Unable to read data from the transport connection: L’opération d’entrée/sortie a été abandonnée en raison de l’arrêt d’un thread ou à la demande d’une application..
 ---> System.Net.Sockets.SocketException (995): L’opération d’entrée/sortie a été abandonnée en raison de l’arrêt d’un thread ou à la demande d’une application.
   --- End of inner exception stack trace ---
   at System.Net.Sockets.Socket.AwaitableSocketAsyncEventArgs.ThrowException(SocketError error, CancellationToken cancellationToken)
   at System.Net.Sockets.Socket.AwaitableSocketAsyncEventArgs.System.Threading.Tasks.Sources.IValueTaskSource<System.Int32>.GetResult(Int16 token)
   at System.Net.Security.SslStream.EnsureFullTlsFrameAsync[TIOAdapter](CancellationToken cancellationToken, Int32 estimatedSize)
   at System.Runtime.CompilerServices.PoolingAsyncValueTaskMethodBuilder`1.StateMachineBox`1.System.Threading.Tasks.Sources.IValueTaskSource<TResult>.GetResult(Int16 token)
   at System.Net.Security.SslStream.ReadAsyncInternal[TIOAdapter](Memory`1 buffer, CancellationToken cancellationToken)
   at System.Runtime.CompilerServices.PoolingAsyncValueTaskMethodBuilder`1.StateMachineBox`1.System.Threading.Tasks.Sources.IValueTaskSource<TResult>.GetResult(Int16 token)
   at System.Net.Http.HttpConnection.<EnsureReadAheadTaskHasStarted>g__ReadAheadWithZeroByteReadAsync|40_0()
   at System.Net.Http.HttpConnection.SendAsync(HttpRequestMessage request, Boolean async, CancellationToken cancellationToken)
   --- End of inner exception stack trace ---
   at System.Net.Http.HttpConnection.SendAsync(HttpRequestMessage request, Boolean async, CancellationToken cancellationToken)
   at System.Net.Http.AuthenticationHelper.SendWithNtAuthAsync(HttpRequestMessage request, Uri authUri, Boolean async, ICredentials credentials, Boolean isProxyAuth, HttpConnection connection, HttpConnectionPool connectionPool, CancellationToken cancellationToken)
   at System.Net.Http.HttpConnectionPool.SendWithVersionDetectionAndRetryAsync(HttpRequestMessage request, Boolean async, Boolean doRequestAuth, CancellationToken cancellationToken)
   at System.Net.Http.AuthenticationHelper.SendWithAuthAsync(HttpRequestMessage request, Uri authUri, Boolean async, ICredentials credentials, Boolean preAuthenticate, Boolean isProxyAuth, Boolean doRequestAuth, HttpConnectionPool pool, CancellationToken cancellationToken)
   at System.Net.Http.RedirectHandler.SendAsync(HttpRequestMessage request, Boolean async, CancellationToken cancellationToken)
   at GitHub.Services.Common.RawHttpMessageHandler.SendAsync(HttpRequestMessage request, CancellationToken cancellationToken)
   at GitHub.Services.Common.VssHttpRetryMessageHandler.SendAsync(HttpRequestMessage request, CancellationToken cancellationToken)
   at System.Net.Http.HttpClient.<SendAsync>g__Core|83_0(HttpRequestMessage request, HttpCompletionOption completionOption, CancellationTokenSource cts, Boolean disposeCts, CancellationTokenSource pendingRequestsCts, CancellationToken originalCancellationToken)
[2026-03-25 19:06:22Z ERR  BrokerServer] #####################################################
[2026-03-25 19:06:22Z ERR  BrokerServer] System.IO.IOException: Unable to read data from the transport connection: L’opération d’entrée/sortie a été abandonnée en raison de l’arrêt d’un thread ou à la demande d’une application..
 ---> System.Net.Sockets.SocketException (995): L’opération d’entrée/sortie a été abandonnée en raison de l’arrêt d’un thread ou à la demande d’une application.
   --- End of inner exception stack trace ---
   at System.Net.Sockets.Socket.AwaitableSocketAsyncEventArgs.ThrowException(SocketError error, CancellationToken cancellationToken)
   at System.Net.Sockets.Socket.AwaitableSocketAsyncEventArgs.System.Threading.Tasks.Sources.IValueTaskSource<System.Int32>.GetResult(Int16 token)
   at System.Net.Security.SslStream.EnsureFullTlsFrameAsync[TIOAdapter](CancellationToken cancellationToken, Int32 estimatedSize)
   at System.Runtime.CompilerServices.PoolingAsyncValueTaskMethodBuilder`1.StateMachineBox`1.System.Threading.Tasks.Sources.IValueTaskSource<TResult>.GetResult(Int16 token)
   at System.Net.Security.SslStream.ReadAsyncInternal[TIOAdapter](Memory`1 buffer, CancellationToken cancellationToken)
   at System.Runtime.CompilerServices.PoolingAsyncValueTaskMethodBuilder`1.StateMachineBox`1.System.Threading.Tasks.Sources.IValueTaskSource<TResult>.GetResult(Int16 token)
   at System.Net.Http.HttpConnection.<EnsureReadAheadTaskHasStarted>g__ReadAheadWithZeroByteReadAsync|40_0()
   at System.Net.Http.HttpConnection.SendAsync(HttpRequestMessage request, Boolean async, CancellationToken cancellationToken)
[2026-03-25 19:06:22Z ERR  BrokerServer] #####################################################
[2026-03-25 19:06:22Z ERR  BrokerServer] System.Net.Sockets.SocketException (995): L’opération d’entrée/sortie a été abandonnée en raison de l’arrêt d’un thread ou à la demande d’une application.
[2026-03-25 19:06:22Z WARN BrokerServer] Back off 13,248 seconds before next retry. 4 attempt left.
[2026-03-25 19:06:22Z INFO BrokerMessageListener] Get messages has been cancelled using local token source. Continue to get messages with new status.
[2026-03-25 19:11:46Z WARN GitHubActionsService] Attempt 1 of GET request to https://broker.actions.githubusercontent.com/message?sessionId=b25b66d9-4d33-4e56-ac9b-67d2ee6bd6d6&status=Online&runnerVersion=2.333.0&os=Windows&architecture=X64&disableUpdate=false failed (Socket Error: ConnectionReset). The operation will be retried in 10,977 seconds.
[2026-03-25 19:46:23Z INFO RSAEncryptedFileKeyManager] Loading RSA key parameters from file C:\Users\MAD LVLC\cours\actions-runner\.credentials_rsaparams
[2026-03-25 19:46:25Z INFO GitHubActionsService] AAD Correlation ID for this token request: Unknown
[2026-03-25 19:48:47Z INFO Terminal] WRITE LINE: Exiting...
[2026-03-25 19:48:47Z INFO ConfigurationStore] IsServiceConfigured()
[2026-03-25 19:48:47Z INFO ConfigurationStore] IsServiceConfigured: False
[2026-03-25 19:48:47Z INFO HostContext] Runner will be shutdown for UserCancelled
[2026-03-25 19:48:47Z WARN GitHubActionsService] GET request to https://broker.actions.githubusercontent.com/message?sessionId=b25b66d9-4d33-4e56-ac9b-67d2ee6bd6d6&status=Online&runnerVersion=2.333.0&os=Windows&architecture=X64&disableUpdate=false has been cancelled.
[2026-03-25 19:48:47Z ERR  BrokerServer] Catch exception during request
[2026-03-25 19:48:47Z ERR  BrokerServer] System.Threading.Tasks.TaskCanceledException: The operation was canceled.
 ---> System.Threading.Tasks.TaskCanceledException: The operation was canceled.
 ---> System.IO.IOException: Unable to read data from the transport connection: L’opération d’entrée/sortie a été abandonnée en raison de l’arrêt d’un thread ou à la demande d’une application..
 ---> System.Net.Sockets.SocketException (995): L’opération d’entrée/sortie a été abandonnée en raison de l’arrêt d’un thread ou à la demande d’une application.
   --- End of inner exception stack trace ---
   at System.Net.Sockets.Socket.AwaitableSocketAsyncEventArgs.System.Threading.Tasks.Sources.IValueTaskSource<System.Int32>.GetResult(Int16 token)
   at System.Net.Security.SslStream.EnsureFullTlsFrameAsync[TIOAdapter](CancellationToken cancellationToken, Int32 estimatedSize)
   at System.Runtime.CompilerServices.PoolingAsyncValueTaskMethodBuilder`1.StateMachineBox`1.System.Threading.Tasks.Sources.IValueTaskSource<TResult>.GetResult(Int16 token)
   at System.Net.Security.SslStream.ReadAsyncInternal[TIOAdapter](Memory`1 buffer, CancellationToken cancellationToken)
   at System.Runtime.CompilerServices.PoolingAsyncValueTaskMethodBuilder`1.StateMachineBox`1.System.Threading.Tasks.Sources.IValueTaskSource<TResult>.GetResult(Int16 token)
   at System.Net.Http.HttpConnection.SendAsync(HttpRequestMessage request, Boolean async, CancellationToken cancellationToken)
   --- End of inner exception stack trace ---
   at System.Net.Http.HttpConnection.SendAsync(HttpRequestMessage request, Boolean async, CancellationToken cancellationToken)
   at System.Net.Http.AuthenticationHelper.SendWithNtAuthAsync(HttpRequestMessage request, Uri authUri, Boolean async, ICredentials credentials, Boolean isProxyAuth, HttpConnection connection, HttpConnectionPool connectionPool, CancellationToken cancellationToken)
   at System.Net.Http.HttpConnectionPool.SendWithVersionDetectionAndRetryAsync(HttpRequestMessage request, Boolean async, Boolean doRequestAuth, CancellationToken cancellationToken)
   at System.Net.Http.AuthenticationHelper.SendWithAuthAsync(HttpRequestMessage request, Uri authUri, Boolean async, ICredentials credentials, Boolean preAuthenticate, Boolean isProxyAuth, Boolean doRequestAuth, HttpConnectionPool pool, CancellationToken cancellationToken)
   at System.Net.Http.RedirectHandler.SendAsync(HttpRequestMessage request, Boolean async, CancellationToken cancellationToken)
   at GitHub.Services.Common.RawHttpMessageHandler.SendAsync(HttpRequestMessage request, CancellationToken cancellationToken)
   at GitHub.Services.Common.VssHttpRetryMessageHandler.SendAsync(HttpRequestMessage request, CancellationToken cancellationToken)
   at System.Net.Http.HttpClient.<SendAsync>g__Core|83_0(HttpRequestMessage request, HttpCompletionOption completionOption, CancellationTokenSource cts, Boolean disposeCts, CancellationTokenSource pendingRequestsCts, CancellationToken originalCancellationToken)
   --- End of inner exception stack trace ---
   at System.Net.Http.HttpClient.HandleFailure(Exception e, Boolean telemetryStarted, HttpResponseMessage response, CancellationTokenSource cts, CancellationToken cancellationToken, CancellationTokenSource pendingRequestsCts)
   at System.Net.Http.HttpClient.<SendAsync>g__Core|83_0(HttpRequestMessage request, HttpCompletionOption completionOption, CancellationTokenSource cts, Boolean disposeCts, CancellationTokenSource pendingRequestsCts, CancellationToken originalCancellationToken)
   at Sdk.WebApi.WebApi.RawHttpClientBase.SendAsync(HttpRequestMessage message, HttpCompletionOption completionOption, Object userState, CancellationToken cancellationToken)
   at Sdk.WebApi.WebApi.RawHttpClientBase.SendAsync[T](HttpRequestMessage message, Boolean readErrorBody, Object userState, CancellationToken cancellationToken)
   at Sdk.WebApi.WebApi.RawHttpClientBase.SendAsync[T](HttpMethod method, IEnumerable`1 additionalHeaders, Uri requestUri, HttpContent content, IEnumerable`1 queryParameters, Boolean readErrorBody, Object userState, CancellationToken cancellationToken)
   at GitHub.Actions.RunService.WebApi.BrokerHttpClient.GetRunnerMessageAsync(Nullable`1 sessionId, String runnerVersion, Nullable`1 status, String os, String architecture, Nullable`1 disableUpdate, CancellationToken cancellationToken)
   at GitHub.Runner.Common.BrokerServer.<>c__DisplayClass7_0.<<GetRunnerMessageAsync>b__0>d.MoveNext()
--- End of stack trace from previous location ---
   at GitHub.Runner.Common.RunnerService.RetryRequest[T](Func`1 func, CancellationToken cancellationToken, Int32 maxAttempts, Func`2 shouldRetry)
[2026-03-25 19:48:47Z ERR  BrokerServer] #####################################################
[2026-03-25 19:48:47Z ERR  BrokerServer] System.Threading.Tasks.TaskCanceledException: The operation was canceled.
 ---> System.IO.IOException: Unable to read data from the transport connection: L’opération d’entrée/sortie a été abandonnée en raison de l’arrêt d’un thread ou à la demande d’une application..
 ---> System.Net.Sockets.SocketException (995): L’opération d’entrée/sortie a été abandonnée en raison de l’arrêt d’un thread ou à la demande d’une application.
   --- End of inner exception stack trace ---
   at System.Net.Sockets.Socket.AwaitableSocketAsyncEventArgs.System.Threading.Tasks.Sources.IValueTaskSource<System.Int32>.GetResult(Int16 token)
   at System.Net.Security.SslStream.EnsureFullTlsFrameAsync[TIOAdapter](CancellationToken cancellationToken, Int32 estimatedSize)
   at System.Runtime.CompilerServices.PoolingAsyncValueTaskMethodBuilder`1.StateMachineBox`1.System.Threading.Tasks.Sources.IValueTaskSource<TResult>.GetResult(Int16 token)
   at System.Net.Security.SslStream.ReadAsyncInternal[TIOAdapter](Memory`1 buffer, CancellationToken cancellationToken)
   at System.Runtime.CompilerServices.PoolingAsyncValueTaskMethodBuilder`1.StateMachineBox`1.System.Threading.Tasks.Sources.IValueTaskSource<TResult>.GetResult(Int16 token)
   at System.Net.Http.HttpConnection.SendAsync(HttpRequestMessage request, Boolean async, CancellationToken cancellationToken)
   --- End of inner exception stack trace ---
   at System.Net.Http.HttpConnection.SendAsync(HttpRequestMessage request, Boolean async, CancellationToken cancellationToken)
   at System.Net.Http.AuthenticationHelper.SendWithNtAuthAsync(HttpRequestMessage request, Uri authUri, Boolean async, ICredentials credentials, Boolean isProxyAuth, HttpConnection connection, HttpConnectionPool connectionPool, CancellationToken cancellationToken)
   at System.Net.Http.HttpConnectionPool.SendWithVersionDetectionAndRetryAsync(HttpRequestMessage request, Boolean async, Boolean doRequestAuth, CancellationToken cancellationToken)
   at System.Net.Http.AuthenticationHelper.SendWithAuthAsync(HttpRequestMessage request, Uri authUri, Boolean async, ICredentials credentials, Boolean preAuthenticate, Boolean isProxyAuth, Boolean doRequestAuth, HttpConnectionPool pool, CancellationToken cancellationToken)
   at System.Net.Http.RedirectHandler.SendAsync(HttpRequestMessage request, Boolean async, CancellationToken cancellationToken)
   at GitHub.Services.Common.RawHttpMessageHandler.SendAsync(HttpRequestMessage request, CancellationToken cancellationToken)
   at GitHub.Services.Common.VssHttpRetryMessageHandler.SendAsync(HttpRequestMessage request, CancellationToken cancellationToken)
   at System.Net.Http.HttpClient.<SendAsync>g__Core|83_0(HttpRequestMessage request, HttpCompletionOption completionOption, CancellationTokenSource cts, Boolean disposeCts, CancellationTokenSource pendingRequestsCts, CancellationToken originalCancellationToken)
[2026-03-25 19:48:47Z ERR  BrokerServer] #####################################################
[2026-03-25 19:48:47Z ERR  BrokerServer] System.IO.IOException: Unable to read data from the transport connection: L’opération d’entrée/sortie a été abandonnée en raison de l’arrêt d’un thread ou à la demande d’une application..
 ---> System.Net.Sockets.SocketException (995): L’opération d’entrée/sortie a été abandonnée en raison de l’arrêt d’un thread ou à la demande d’une application.
   --- End of inner exception stack trace ---
   at System.Net.Sockets.Socket.AwaitableSocketAsyncEventArgs.System.Threading.Tasks.Sources.IValueTaskSource<System.Int32>.GetResult(Int16 token)
   at System.Net.Security.SslStream.EnsureFullTlsFrameAsync[TIOAdapter](CancellationToken cancellationToken, Int32 estimatedSize)
   at System.Runtime.CompilerServices.PoolingAsyncValueTaskMethodBuilder`1.StateMachineBox`1.System.Threading.Tasks.Sources.IValueTaskSource<TResult>.GetResult(Int16 token)
   at System.Net.Security.SslStream.ReadAsyncInternal[TIOAdapter](Memory`1 buffer, CancellationToken cancellationToken)
   at System.Runtime.CompilerServices.PoolingAsyncValueTaskMethodBuilder`1.StateMachineBox`1.System.Threading.Tasks.Sources.IValueTaskSource<TResult>.GetResult(Int16 token)
   at System.Net.Http.HttpConnection.SendAsync(HttpRequestMessage request, Boolean async, CancellationToken cancellationToken)
[2026-03-25 19:48:47Z ERR  BrokerServer] #####################################################
[2026-03-25 19:48:47Z ERR  BrokerServer] System.Net.Sockets.SocketException (995): L’opération d’entrée/sortie a été abandonnée en raison de l’arrêt d’un thread ou à la demande d’une application.
[2026-03-25 19:48:47Z WARN BrokerServer] Back off 10,244 seconds before next retry. 4 attempt left.
[2026-03-25 19:48:47Z INFO BrokerMessageListener] Get next message has been cancelled.
[2026-03-25 19:48:47Z INFO JobDispatcher] Shutting down JobDispatcher. Make sure all WorkerDispatcher has finished.
[2026-03-25 19:48:47Z INFO JobDispatcher] Ensure WorkerDispatcher for job 27b154f0-e51e-56a8-a434-daac2fe59240 run to finish, cancel any running job.
[2026-03-25 19:48:47Z INFO JobDispatcher] Job request 27b154f0-e51e-56a8-a434-daac2fe59240 processed succeed.
[2026-03-25 19:48:47Z INFO Runner] Deleting Runner Session...
[2026-03-25 19:48:48Z INFO Listener] Runner execution been cancelled.
